<?xml version="1.0" encoding="UTF-8"?>
<!-- Generated by org.testng.reporters.JUnitReportReporter -->
<testsuite hostname="LAPTOP-KB5AQG8N" failures="0" tests="1" name="MavenExample.CreateClassTest" time="0.007" errors="0" timestamp="2022-05-09T15:26:02 IST" skipped="0">
  <testcase classname="MavenExample.CreateClassTest" name="createusertest" time="0.007"/>
  <system-out/>
</testsuite> <!-- MavenExample.CreateClassTest -->
