<?xml version="1.0" encoding="UTF-8"?>
<!-- Generated by org.testng.reporters.JUnitReportReporter -->
<testsuite hostname="LAPTOP-KB5AQG8N" failures="0" tests="1" name="MavenExample.ReadingDataFromCommandLineTest" time="0.005" errors="0" timestamp="2022-05-09T17:14:03 IST" skipped="0">
  <testcase classname="MavenExample.ReadingDataFromCommandLineTest" name="regressionTest" time="0.005"/>
  <system-out/>
</testsuite> <!-- MavenExample.ReadingDataFromCommandLineTest -->
